Date/Time:2024-11-03 12:41:20
Output:
client received token.Date/Time:2024-11-03 12:41:22
Output:
bin
boot
cdrom
dev
etc
home
lib
lib32
lib64
libx32
LogFile.txt
lost+found
media
mnt
opt
proc
root
run
sbin
snap
srv
swapfile
sys
System
tmp
usr
var
Date/Time:2024-11-03 12:42:10
Output:
client received token.
Date/Time:2024-11-03 12:42:14
Output:
bin
boot
cdrom
dev
etc
home
lib
lib32
lib64
libx32
LogFile.txt
lost+found
media
mnt
opt
proc
root
run
sbin
snap
srv
swapfile
sys
System
tmp
usr
var
Date/Time:2024-11-03 12:42:43
Output:
total 2,1G
       2 4,0K drwxr-xr-x  21 root root 4,0K oct 21 22:56 .
       2 4,0K drwxr-xr-x  21 root root 4,0K oct 21 22:56 ..
      13    0 lrwxrwxrwx   1 root root    7 apr 15  2024 bin -> usr/bin
 7077889 4,0K drwxr-xr-x   4 root root 4,0K oct 22 18:44 boot
 2490369 4,0K drwxrwxr-x   2 root root 4,0K apr 15  2024 cdrom
       1    0 drwxr-xr-x  20 root root 5,4K nov  3 10:53 dev
 4194305  12K drwxr-xr-x 165 root root  12K oct 31 09:23 etc
 4456449 4,0K drwxr-xr-x   6 root root 4,0K sep 15 18:52 home
      14    0 lrwxrwxrwx   1 root root    7 apr 15  2024 lib -> usr/lib
      15    0 lrwxrwxrwx   1 root root    9 apr 15  2024 lib32 -> usr/lib32
      16    0 lrwxrwxrwx   1 root root    9 apr 15  2024 lib64 -> usr/lib64
      17    0 lrwxrwxrwx   1 root root   10 apr 15  2024 libx32 -> usr/libx32
      20 4,0K -rw-r--r--   1 root root   46 oct 21 22:56 LogFile.txt
      11  16K drwx------   2 root root  16K apr 15  2024 lost+found
 7340033 4,0K drwxr-xr-x   3 root root 4,0K apr 16  2024 media
11796481 4,0K drwxr-xr-x   5 root root 4,0K sep 16 22:26 mnt
 9437185 4,0K drwxr-xr-x   7 root root 4,0K oct 30 09:36 opt
      19    0 -rw-r--r--   1 root root    0 feb 15  2024 .package-cache-mutate
       1    0 dr-xr-xr-x 449 root root    0 nov  3 10:53 proc
 9306113 4,0K drwx------  16 root root 4,0K nov  2 23:01 root
       1    0 drwxr-xr-x  42 root root 1,2K nov  3 11:18 run
      18    0 lrwxrwxrwx   1 root root    8 apr 15  2024 sbin -> usr/sbin
 6815745 4,0K drwxr-xr-x  24 root root 4,0K oct 31 17:19 snap
 3670017 4,0K drwxr-xr-x   2 root root 4,0K aug  8  2023 srv
      12 2,1G -rw-------   1 root root 2,0G apr 15  2024 swapfile
       1    0 dr-xr-xr-x  13 root root    0 nov  3 10:53 sys
11272193 4,0K drwxr-xr-x   4 root root 4,0K oct  5 21:33 System
 4325377  20K drwxrwxrwt  22 root root  20K nov  3 12:42 tmp
 5373953 4,0K drwxr-xr-x  16 root root 4,0K sep 17 13:29 usr
 9175041 4,0K drwxr-xr-x  15 root root 4,0K iun 17 14:56 var
Date/Time:2024-11-03 12:43:09
Output:
../monitor/monitor 10.10.22.193  55625 10000 &Date/Time:2024-11-03 12:43:21
Output:
Command not foundDate/Time:2024-11-03 12:43:24
Output:
bin
boot
cdrom
dev
etc
home
lib
lib32
lib64
libx32
LogFile.txt
lost+found
media
mnt
opt
proc
root
run
sbin
snap
srv
swapfile
sys
System
tmp
usr
var
